<?xml version="1.0" encoding="UTF-8"?>
<testsuite name="mentor.ExpressionRepositoryTest" tests="1" skipped="0" failures="0" errors="0" timestamp="2019-03-28T15:40:54" hostname="Romans-MacBook-Pro.local" time="0.31">
  <properties/>
  <testcase name="objectSaved()" classname="mentor.ExpressionRepositoryTest" time="0.31"/>
  <system-out><![CDATA[17:40:54.083 [Test worker] INFO org.mongodb.driver.cluster - Cluster created with settings {hosts=[localhost:27017], mode=SINGLE, requiredClusterType=UNKNOWN, serverSelectionTimeout='30000 ms', maxWaitQueueSize=500}
17:40:54.132 [Test worker] DEBUG org.mongodb.driver.cluster - Updating cluster description to  {type=UNKNOWN, servers=[{address=localhost:27017, type=UNKNOWN, state=CONNECTING}]
17:40:54.163 [Test worker] INFO org.mongodb.driver.cluster - Cluster description not yet available. Waiting for 30000 ms before timing out
17:40:54.186 [cluster-ClusterId{value='5c9ceb064a91a97029b1615c', description='null'}-localhost:27017] INFO org.mongodb.driver.connection - Opened connection [connectionId{localValue:1, serverValue:2}] to localhost:27017
17:40:54.187 [cluster-ClusterId{value='5c9ceb064a91a97029b1615c', description='null'}-localhost:27017] DEBUG org.mongodb.driver.cluster - Checking status of localhost:27017
17:40:54.217 [cluster-ClusterId{value='5c9ceb064a91a97029b1615c', description='null'}-localhost:27017] DEBUG org.mongodb.driver.protocol.command - Sending command '{"ismaster": 1, "$db": "admin"}' with request id 4 to database admin on connection [connectionId{localValue:1, serverValue:2}] to server localhost:27017
17:40:54.219 [cluster-ClusterId{value='5c9ceb064a91a97029b1615c', description='null'}-localhost:27017] DEBUG org.mongodb.driver.protocol.command - Execution of command with request id 4 completed successfully in 27.33 ms on connection [connectionId{localValue:1, serverValue:2}] to server localhost:27017
17:40:54.221 [cluster-ClusterId{value='5c9ceb064a91a97029b1615c', description='null'}-localhost:27017] INFO org.mongodb.driver.cluster - Monitor thread successfully connected to server with description ServerDescription{address=localhost:27017, type=STANDALONE, state=CONNECTED, ok=true, version=ServerVersion{versionList=[4, 0, 3]}, minWireVersion=0, maxWireVersion=7, maxDocumentSize=16777216, logicalSessionTimeoutMinutes=30, roundTripTimeNanos=32490917}
17:40:54.223 [cluster-ClusterId{value='5c9ceb064a91a97029b1615c', description='null'}-localhost:27017] DEBUG org.mongodb.driver.cluster - Updating cluster description to  {type=STANDALONE, servers=[{address=localhost:27017, type=STANDALONE, roundTripTime=32.5 ms, state=CONNECTED}]
17:40:54.236 [Test worker] INFO org.mongodb.driver.connection - Opened connection [connectionId{localValue:2, serverValue:3}] to localhost:27017
17:40:54.246 [Test worker] DEBUG org.mongodb.driver.protocol.command - Sending command '{"drop": "expression", "$db": "mentorTest", "$readPreference": {"mode": "primaryPreferred"}}' with request id 8 to database mentorTest on connection [connectionId{localValue:2, serverValue:3}] to server localhost:27017
17:40:54.284 [Test worker] DEBUG org.mongodb.driver.protocol.command - Execution of command with request id 8 failed to complete successfully in 35.63 ms on connection [connectionId{localValue:2, serverValue:3}] to server localhost:27017
com.mongodb.MongoCommandException: Command failed with error 26 (NamespaceNotFound): 'ns not found' on server localhost:27017. The full response is {"ok": 0.0, "errmsg": "ns not found", "code": 26, "codeName": "NamespaceNotFound"}
	at com.mongodb.internal.connection.ProtocolHelper.getCommandFailureException(ProtocolHelper.java:179)
	at com.mongodb.internal.connection.InternalStreamConnection.receiveCommandMessageResponse(InternalStreamConnection.java:299)
	at com.mongodb.internal.connection.InternalStreamConnection.sendAndReceive(InternalStreamConnection.java:255)
	at com.mongodb.internal.connection.UsageTrackingInternalConnection.sendAndReceive(UsageTrackingInternalConnection.java:99)
	at com.mongodb.internal.connection.DefaultConnectionPool$PooledConnection.sendAndReceive(DefaultConnectionPool.java:444)
	at com.mongodb.internal.connection.CommandProtocolImpl.execute(CommandProtocolImpl.java:72)
	at com.mongodb.internal.connection.DefaultServer$DefaultServerProtocolExecutor.execute(DefaultServer.java:200)
	at com.mongodb.internal.connection.DefaultServerConnection.executeProtocol(DefaultServerConnection.java:269)
	at com.mongodb.internal.connection.DefaultServerConnection.command(DefaultServerConnection.java:131)
	at com.mongodb.internal.connection.DefaultServerConnection.command(DefaultServerConnection.java:123)
	at com.mongodb.operation.CommandOperationHelper.executeWrappedCommandProtocol(CommandOperationHelper.java:243)
	at com.mongodb.operation.CommandOperationHelper.executeWrappedCommandProtocol(CommandOperationHelper.java:234)
	at com.mongodb.operation.CommandOperationHelper.executeWrappedCommandProtocol(CommandOperationHelper.java:171)
	at com.mongodb.operation.CommandOperationHelper.executeWrappedCommandProtocol(CommandOperationHelper.java:164)
	at com.mongodb.operation.DropCollectionOperation$1.call(DropCollectionOperation.java:95)
	at com.mongodb.operation.DropCollectionOperation$1.call(DropCollectionOperation.java:91)
	at com.mongodb.operation.OperationHelper.withConnectionSource(OperationHelper.java:453)
	at com.mongodb.operation.OperationHelper.withConnection(OperationHelper.java:415)
	at com.mongodb.operation.DropCollectionOperation.execute(DropCollectionOperation.java:91)
	at com.mongodb.operation.DropCollectionOperation.execute(DropCollectionOperation.java:51)
	at com.mongodb.client.internal.MongoClientDelegate$DelegateOperationExecutor.execute(MongoClientDelegate.java:193)
	at com.mongodb.client.internal.MongoCollectionImpl.executeDrop(MongoCollectionImpl.java:759)
	at com.mongodb.client.internal.MongoCollectionImpl.drop(MongoCollectionImpl.java:749)
	at mentor.ExpressionRepository.drop(ExpressionRepository.java:50)
	at mentor.ExpressionRepositoryTest.objectSaved(ExpressionRepositoryTest.java:23)
	at sun.reflect.NativeMethodAccessorImpl.invoke0(Native Method)
	at sun.reflect.NativeMethodAccessorImpl.invoke(NativeMethodAccessorImpl.java:62)
	at sun.reflect.DelegatingMethodAccessorImpl.invoke(DelegatingMethodAccessorImpl.java:43)
	at java.lang.reflect.Method.invoke(Method.java:498)
	at org.junit.platform.commons.util.ReflectionUtils.invokeMethod(ReflectionUtils.java:628)
	at org.junit.jupiter.engine.execution.ExecutableInvoker.invoke(ExecutableInvoker.java:117)
	at org.junit.jupiter.engine.descriptor.TestMethodTestDescriptor.lambda$invokeTestMethod$7(TestMethodTestDescriptor.java:184)
	at org.junit.platform.engine.support.hierarchical.ThrowableCollector.execute(ThrowableCollector.java:73)
	at org.junit.jupiter.engine.descriptor.TestMethodTestDescriptor.invokeTestMethod(TestMethodTestDescriptor.java:180)
	at org.junit.jupiter.engine.descriptor.TestMethodTestDescriptor.execute(TestMethodTestDescriptor.java:127)
	at org.junit.jupiter.engine.descriptor.TestMethodTestDescriptor.execute(TestMethodTestDescriptor.java:68)
	at org.junit.platform.engine.support.hierarchical.NodeTestTask.lambda$executeRecursively$5(NodeTestTask.java:135)
	at org.junit.platform.engine.support.hierarchical.ThrowableCollector.execute(ThrowableCollector.java:73)
	at org.junit.platform.engine.support.hierarchical.NodeTestTask.lambda$executeRecursively$7(NodeTestTask.java:125)
	at org.junit.platform.engine.support.hierarchical.Node.around(Node.java:135)
	at org.junit.platform.engine.support.hierarchical.NodeTestTask.lambda$executeRecursively$8(NodeTestTask.java:123)
	at org.junit.platform.engine.support.hierarchical.ThrowableCollector.execute(ThrowableCollector.java:73)
	at org.junit.platform.engine.support.hierarchical.NodeTestTask.executeRecursively(NodeTestTask.java:122)
	at org.junit.platform.engine.support.hierarchical.NodeTestTask.execute(NodeTestTask.java:80)
	at java.util.ArrayList.forEach(ArrayList.java:1257)
	at org.junit.platform.engine.support.hierarchical.SameThreadHierarchicalTestExecutorService.invokeAll(SameThreadHierarchicalTestExecutorService.java:38)
	at org.junit.platform.engine.support.hierarchical.NodeTestTask.lambda$executeRecursively$5(NodeTestTask.java:139)
	at org.junit.platform.engine.support.hierarchical.ThrowableCollector.execute(ThrowableCollector.java:73)
	at org.junit.platform.engine.support.hierarchical.NodeTestTask.lambda$executeRecursively$7(NodeTestTask.java:125)
	at org.junit.platform.engine.support.hierarchical.Node.around(Node.java:135)
	at org.junit.platform.engine.support.hierarchical.NodeTestTask.lambda$executeRecursively$8(NodeTestTask.java:123)
	at org.junit.platform.engine.support.hierarchical.ThrowableCollector.execute(ThrowableCollector.java:73)
	at org.junit.platform.engine.support.hierarchical.NodeTestTask.executeRecursively(NodeTestTask.java:122)
	at org.junit.platform.engine.support.hierarchical.NodeTestTask.execute(NodeTestTask.java:80)
	at java.util.ArrayList.forEach(ArrayList.java:1257)
	at org.junit.platform.engine.support.hierarchical.SameThreadHierarchicalTestExecutorService.invokeAll(SameThreadHierarchicalTestExecutorService.java:38)
	at org.junit.platform.engine.support.hierarchical.NodeTestTask.lambda$executeRecursively$5(NodeTestTask.java:139)
	at org.junit.platform.engine.support.hierarchical.ThrowableCollector.execute(ThrowableCollector.java:73)
	at org.junit.platform.engine.support.hierarchical.NodeTestTask.lambda$executeRecursively$7(NodeTestTask.java:125)
	at org.junit.platform.engine.support.hierarchical.Node.around(Node.java:135)
	at org.junit.platform.engine.support.hierarchical.NodeTestTask.lambda$executeRecursively$8(NodeTestTask.java:123)
	at org.junit.platform.engine.support.hierarchical.ThrowableCollector.execute(ThrowableCollector.java:73)
	at org.junit.platform.engine.support.hierarchical.NodeTestTask.executeRecursively(NodeTestTask.java:122)
	at org.junit.platform.engine.support.hierarchical.NodeTestTask.execute(NodeTestTask.java:80)
	at org.junit.platform.engine.support.hierarchical.SameThreadHierarchicalTestExecutorService.submit(SameThreadHierarchicalTestExecutorService.java:32)
	at org.junit.platform.engine.support.hierarchical.HierarchicalTestExecutor.execute(HierarchicalTestExecutor.java:57)
	at org.junit.platform.engine.support.hierarchical.HierarchicalTestEngine.execute(HierarchicalTestEngine.java:51)
	at org.junit.platform.launcher.core.DefaultLauncher.execute(DefaultLauncher.java:220)
	at org.junit.platform.launcher.core.DefaultLauncher.lambda$execute$6(DefaultLauncher.java:188)
	at org.junit.platform.launcher.core.DefaultLauncher.withInterceptedStreams(DefaultLauncher.java:202)
	at org.junit.platform.launcher.core.DefaultLauncher.execute(DefaultLauncher.java:181)
	at org.junit.platform.launcher.core.DefaultLauncher.execute(DefaultLauncher.java:128)
	at org.gradle.api.internal.tasks.testing.junitplatform.JUnitPlatformTestClassProcessor$CollectAllTestClassesExecutor.processAllTestClasses(JUnitPlatformTestClassProcessor.java:102)
	at org.gradle.api.internal.tasks.testing.junitplatform.JUnitPlatformTestClassProcessor$CollectAllTestClassesExecutor.access$000(JUnitPlatformTestClassProcessor.java:82)
	at org.gradle.api.internal.tasks.testing.junitplatform.JUnitPlatformTestClassProcessor.stop(JUnitPlatformTestClassProcessor.java:78)
	at org.gradle.api.internal.tasks.testing.SuiteTestClassProcessor.stop(SuiteTestClassProcessor.java:61)
	at sun.reflect.NativeMethodAccessorImpl.invoke0(Native Method)
	at sun.reflect.NativeMethodAccessorImpl.invoke(NativeMethodAccessorImpl.java:62)
	at sun.reflect.DelegatingMethodAccessorImpl.invoke(DelegatingMethodAccessorImpl.java:43)
	at java.lang.reflect.Method.invoke(Method.java:498)
	at org.gradle.internal.dispatch.ReflectionDispatch.dispatch(ReflectionDispatch.java:35)
	at org.gradle.internal.dispatch.ReflectionDispatch.dispatch(ReflectionDispatch.java:24)
	at org.gradle.internal.dispatch.ContextClassLoaderDispatch.dispatch(ContextClassLoaderDispatch.java:32)
	at org.gradle.internal.dispatch.ProxyDispatchAdapter$DispatchingInvocationHandler.invoke(ProxyDispatchAdapter.java:93)
	at com.sun.proxy.$Proxy2.stop(Unknown Source)
	at org.gradle.api.internal.tasks.testing.worker.TestWorker.stop(TestWorker.java:132)
	at sun.reflect.NativeMethodAccessorImpl.invoke0(Native Method)
	at sun.reflect.NativeMethodAccessorImpl.invoke(NativeMethodAccessorImpl.java:62)
	at sun.reflect.DelegatingMethodAccessorImpl.invoke(DelegatingMethodAccessorImpl.java:43)
	at java.lang.reflect.Method.invoke(Method.java:498)
	at org.gradle.internal.dispatch.ReflectionDispatch.dispatch(ReflectionDispatch.java:35)
	at org.gradle.internal.dispatch.ReflectionDispatch.dispatch(ReflectionDispatch.java:24)
	at org.gradle.internal.remote.internal.hub.MessageHubBackedObjectConnection$DispatchWrapper.dispatch(MessageHubBackedObjectConnection.java:175)
	at org.gradle.internal.remote.internal.hub.MessageHubBackedObjectConnection$DispatchWrapper.dispatch(MessageHubBackedObjectConnection.java:157)
	at org.gradle.internal.remote.internal.hub.MessageHub$Handler.run(MessageHub.java:404)
	at org.gradle.internal.concurrent.ExecutorPolicy$CatchAndRecordFailures.onExecute(ExecutorPolicy.java:63)
	at org.gradle.internal.concurrent.ManagedExecutorImpl$1.run(ManagedExecutorImpl.java:46)
	at java.util.concurrent.ThreadPoolExecutor.runWorker(ThreadPoolExecutor.java:1149)
	at java.util.concurrent.ThreadPoolExecutor$Worker.run(ThreadPoolExecutor.java:624)
	at org.gradle.internal.concurrent.ThreadFactoryImpl$ManagedThreadRunnable.run(ThreadFactoryImpl.java:55)
	at java.lang.Thread.run(Thread.java:748)
17:40:54.341 [Test worker] DEBUG org.mongodb.driver.protocol.command - Sending command '{"insert": "expression", "ordered": true, "$db": "mentorTest", "documents": [{"_id": "C89C59FA7056A890F60F8E6DF5159B95", "hash": "C89C59FA7056A890F60F8E6DF5159B95", "term": "a", "example": "a in string", "createDate": {"$date": "2019-03-28T15:40:54.293Z"}, "translation": "a is b"}]}' with request id 9 to database mentorTest on connection [connectionId{localValue:2, serverValue:3}] to server localhost:27017
17:40:54.449 [Test worker] DEBUG org.mongodb.driver.protocol.command - Execution of command with request id 9 completed successfully in 137.26 ms on connection [connectionId{localValue:2, serverValue:3}] to server localhost:27017
]]></system-out>
  <system-err><![CDATA[]]></system-err>
</testsuite>
