<?xml version="1.0" encoding="UTF-8"?>
<testsuite name="mentor.mailimport.MessageParserTest" tests="9" skipped="0" failures="0" errors="0" timestamp="2019-03-23T10:24:36" hostname="Romans-MacBook-Pro.local" time="0.128">
  <properties/>
  <testcase name="newlinesCleared()" classname="mentor.mailimport.MessageParserTest" time="0.088"/>
  <testcase name="expressionListCreated()" classname="mentor.mailimport.MessageParserTest" time="0.007"/>
  <testcase name="textNormalized()" classname="mentor.mailimport.MessageParserTest" time="0.002"/>
  <testcase name="expressionsCreatedValid()" classname="mentor.mailimport.MessageParserTest" time="0.004"/>
  <testcase name="highlightTagsCreated()" classname="mentor.mailimport.MessageParserTest" time="0.001"/>
  <testcase name="highlightsLeft()" classname="mentor.mailimport.MessageParserTest" time="0.002"/>
  <testcase name="attachmentExtracted()" classname="mentor.mailimport.MessageParserTest" time="0.015"/>
  <testcase name="linesExtracted()" classname="mentor.mailimport.MessageParserTest" time="0.002"/>
  <testcase name="decoded()" classname="mentor.mailimport.MessageParserTest" time="0.002"/>
  <system-out><![CDATA[]]></system-out>
  <system-err><![CDATA[]]></system-err>
</testsuite>
