<?xml version="1.0" encoding="UTF-8"?>
<testsuite name="mentor.ExpressionRepositoryTest" tests="1" skipped="0" failures="0" errors="0" timestamp="2019-04-10T21:08:17" hostname="Romans-MacBook-Pro.local" time="0.301">
  <properties/>
  <testcase name="objectSaved()" classname="mentor.ExpressionRepositoryTest" time="0.301"/>
  <system-out><![CDATA[00:08:17.380 [Test worker] INFO org.mongodb.driver.cluster - Cluster created with settings {hosts=[localhost:27017], mode=SINGLE, requiredClusterType=UNKNOWN, serverSelectionTimeout='30000 ms', maxWaitQueueSize=500}
00:08:17.414 [Test worker] DEBUG org.mongodb.driver.cluster - Updating cluster description to  {type=UNKNOWN, servers=[{address=localhost:27017, type=UNKNOWN, state=CONNECTING}]
00:08:17.437 [Test worker] INFO org.mongodb.driver.cluster - Cluster description not yet available. Waiting for 30000 ms before timing out
00:08:17.452 [cluster-ClusterId{value='5cae5b415bf9765cb4c37e7e', description='null'}-localhost:27017] INFO org.mongodb.driver.connection - Opened connection [connectionId{localValue:1, serverValue:27}] to localhost:27017
00:08:17.452 [cluster-ClusterId{value='5cae5b415bf9765cb4c37e7e', description='null'}-localhost:27017] DEBUG org.mongodb.driver.cluster - Checking status of localhost:27017
00:08:17.472 [cluster-ClusterId{value='5cae5b415bf9765cb4c37e7e', description='null'}-localhost:27017] DEBUG org.mongodb.driver.protocol.command - Sending command '{"ismaster": 1, "$db": "admin"}' with request id 4 to database admin on connection [connectionId{localValue:1, serverValue:27}] to server localhost:27017
00:08:17.474 [cluster-ClusterId{value='5cae5b415bf9765cb4c37e7e', description='null'}-localhost:27017] DEBUG org.mongodb.driver.protocol.command - Execution of command with request id 4 completed successfully in 17.94 ms on connection [connectionId{localValue:1, serverValue:27}] to server localhost:27017
00:08:17.475 [cluster-ClusterId{value='5cae5b415bf9765cb4c37e7e', description='null'}-localhost:27017] INFO org.mongodb.driver.cluster - Monitor thread successfully connected to server with description ServerDescription{address=localhost:27017, type=STANDALONE, state=CONNECTED, ok=true, version=ServerVersion{versionList=[4, 0, 3]}, minWireVersion=0, maxWireVersion=7, maxDocumentSize=16777216, logicalSessionTimeoutMinutes=30, roundTripTimeNanos=21951136}
00:08:17.476 [cluster-ClusterId{value='5cae5b415bf9765cb4c37e7e', description='null'}-localhost:27017] DEBUG org.mongodb.driver.cluster - Updating cluster description to  {type=STANDALONE, servers=[{address=localhost:27017, type=STANDALONE, roundTripTime=22.0 ms, state=CONNECTED}]
00:08:17.487 [Test worker] INFO org.mongodb.driver.connection - Opened connection [connectionId{localValue:2, serverValue:28}] to localhost:27017
00:08:17.495 [Test worker] DEBUG org.mongodb.driver.protocol.command - Sending command '{"drop": "expression", "$db": "mentorTest", "$readPreference": {"mode": "primaryPreferred"}}' with request id 8 to database mentorTest on connection [connectionId{localValue:2, serverValue:28}] to server localhost:27017
00:08:17.524 [Test worker] DEBUG org.mongodb.driver.protocol.command - Execution of command with request id 8 completed successfully in 30.20 ms on connection [connectionId{localValue:2, serverValue:28}] to server localhost:27017
00:08:17.558 [Test worker] DEBUG org.mongodb.driver.protocol.command - Sending command '{"insert": "expression", "ordered": true, "$db": "mentorTest", "documents": [{"_id": "C89C59FA7056A890F60F8E6DF5159B95", "hash": "C89C59FA7056A890F60F8E6DF5159B95", "term": "a", "srcLang": "english", "trgLang": "russian", "example": "a in string", "createDate": {"$date": "2019-04-10T21:08:17.526Z"}, "translation": "a is b"}]}' with request id 9 to database mentorTest on connection [connectionId{localValue:2, serverValue:28}] to server localhost:27017
00:08:17.629 [Test worker] DEBUG org.mongodb.driver.protocol.command - Execution of command with request id 9 completed successfully in 89.29 ms on connection [connectionId{localValue:2, serverValue:28}] to server localhost:27017
00:08:17.662 [Test worker] DEBUG org.mongodb.driver.protocol.command - Sending command '{"find": "expression", "filter": {"srcLang": "english", "trgLang": "russian"}, "limit": 1, "$db": "mentorTest", "$readPreference": {"mode": "primaryPreferred"}}' with request id 10 to database mentorTest on connection [connectionId{localValue:2, serverValue:28}] to server localhost:27017
00:08:17.713 [Test worker] DEBUG org.mongodb.driver.protocol.command - Execution of command with request id 10 completed successfully in 51.76 ms on connection [connectionId{localValue:2, serverValue:28}] to server localhost:27017
]]></system-out>
  <system-err><![CDATA[]]></system-err>
</testsuite>
